Using pre-set license
Built from '2020.3/staging' branch; Version is '2020.3.11f1 (99c7afb366b3) revision 10078127'; Using compiler version '192528614'; Build Type 'Release'
OS: 'Windows 10 Home; OS build 19042.1052; Version 2009; 64bit' Language: 'en' Physical Memory: 16192 MB
BatchMode: 1, IsHumanControllingUs: 0, StartBugReporterOnCrash: 0, Is64bit: 1, IsPro: 0

 COMMAND LINE ARGUMENTS:
C:\Program Files\Unity\Hub\Editor\2020.3.11f1\Editor\Unity.exe
-adb2
-batchMode
-noUpm
-name
AssetImportWorker0
-projectPath
C:/Users/Jakob/Unity Projects/GMTK
-logFile
Logs/AssetImportWorker0.log
-srvPort
50251
Successfully changed project path to: C:/Users/Jakob/Unity Projects/GMTK
C:/Users/Jakob/Unity Projects/GMTK
Using Asset Import Pipeline V2.
Refreshing native plugins compatible for Editor in 135.68 ms, found 3 plugins.
Preloading 0 native plugins for Editor in 0.00 ms.
Initialize engine version: 2020.3.11f1 (99c7afb366b3)
[Subsystems] Discovering subsystems at path C:/Program Files/Unity/Hub/Editor/2020.3.11f1/Editor/Data/Resources/UnitySubsystems
[Subsystems] Discovering subsystems at path C:/Users/Jakob/Unity Projects/GMTK/Assets
GfxDevice: creating device client; threaded=0
Direct3D:
    Version:  Direct3D 11.0 [level 11.1]
    Renderer: Intel(R) UHD Graphics 620 (ID=0x5917)
    Vendor:   
    VRAM:     8096 MB
    Driver:   27.20.100.8854
Shader 'Universal Render Pipeline/Particles/Lit': fallback shader 'Universal Render Pipeline/Particles/SimpleLit' not found
Initialize mono
Mono path[0] = 'C:/Program Files/Unity/Hub/Editor/2020.3.11f1/Editor/Data/Managed'
Mono path[1] = 'C:/Program Files/Unity/Hub/Editor/2020.3.11f1/Editor/Data/MonoBleedingEdge/lib/mono/unityjit'
Mono config path = 'C:/Program Files/Unity/Hub/Editor/2020.3.11f1/Editor/Data/MonoBleedingEdge/etc'
Using monoOptions --debugger-agent=transport=dt_socket,embedding=1,server=y,suspend=n,address=127.0.0.1:56024
Begin MonoManager ReloadAssembly
Registering precompiled unity dll's ...
Register platform support module: C:/Program Files/Unity/Hub/Editor/2020.3.11f1/Editor/Data/PlaybackEngines/WindowsStandaloneSupport/UnityEditor.WindowsStandalone.Extensions.dll
Registered in 0.006683 seconds.
Native extension for WindowsStandalone target not found
Refreshing native plugins compatible for Editor in 258.16 ms, found 3 plugins.
Preloading 0 native plugins for Editor in 0.00 ms.
Mono: successfully reloaded assembly
- Completed reload, in  5.349 seconds
Platform modules already initialized, skipping
Registering precompiled user dll's ...
Registered in 0.016126 seconds.
Begin MonoManager ReloadAssembly
Native extension for WindowsStandalone target not found
Refreshing native plugins compatible for Editor in 250.74 ms, found 3 plugins.
Preloading 0 native plugins for Editor in 0.00 ms.
Mono: successfully reloaded assembly
- Completed reload, in  4.595 seconds
Platform modules already initialized, skipping
========================================================================
Worker process is ready to serve import requests
Shader 'Universal Render Pipeline/Particles/Lit': fallback shader 'Universal Render Pipeline/Particles/SimpleLit' not found
Launched and connected shader compiler UnityShaderCompiler.exe after 0.17 seconds
Refreshing native plugins compatible for Editor in 1.94 ms, found 3 plugins.
Preloading 0 native plugins for Editor in 0.00 ms.
Unloading 3747 Unused Serialized files (Serialized files now loaded: 0)
System memory in use before: 155.1 MB.
System memory in use after: 155.3 MB.

Unloading 29 unused Assets to reduce memory usage. Loaded Objects now: 4183.
Total: 9.409000 ms (FindLiveObjects: 1.026800 ms CreateObjectMapping: 0.515900 ms MarkObjects: 7.621200 ms  DeleteObjects: 0.242500 ms)

========================================================================
Received Import Request.
  path: Assets/fatass.png
  artifactKey: Guid(850dbb40dd4d71a418fd3597bf1110bd) Importer(815301076,1909f56bfc062723c751e8b465ee728b)
Start importing Assets/fatass.png using Guid(850dbb40dd4d71a418fd3597bf1110bd) Importer(815301076,1909f56bfc062723c751e8b465ee728b)  -> (artifact id: 'c7818d7451902a36bdf0588aa52d2859') in 0.362060 seconds
  Import took 0.382383 seconds .

========================================================================
Received Import Request.
  Time since last request: 0.000648 seconds.
  path: Assets/player_model.png
  artifactKey: Guid(5adc70b2864283849883e73a57def669) Importer(815301076,1909f56bfc062723c751e8b465ee728b)
Start importing Assets/player_model.png using Guid(5adc70b2864283849883e73a57def669) Importer(815301076,1909f56bfc062723c751e8b465ee728b)  -> (artifact id: '6f3293ad17a700e53ae336227a74a46b') in 0.035968 seconds
  Import took 0.049232 seconds .

========================================================================
Received Import Request.
  Time since last request: 0.000545 seconds.
  path: Assets/Louis George Cafe Bold.ttf
  artifactKey: Guid(ff8ad4b8c1b114a4d9985b602f7fd34b) Importer(815301076,1909f56bfc062723c751e8b465ee728b)
Start importing Assets/Louis George Cafe Bold.ttf using Guid(ff8ad4b8c1b114a4d9985b602f7fd34b) Importer(815301076,1909f56bfc062723c751e8b465ee728b)  -> (artifact id: '1da2da42ae787d36eb990b804ae34a3f') in 0.559157 seconds
  Import took 0.572508 seconds .

========================================================================
Received Import Request.
  Time since last request: 0.000553 seconds.
  path: Assets/2D Renderer.asset
  artifactKey: Guid(2a5adf53cdf045342a42aaa7b8dc45a1) Importer(815301076,1909f56bfc062723c751e8b465ee728b)
Start importing Assets/2D Renderer.asset using Guid(2a5adf53cdf045342a42aaa7b8dc45a1) Importer(815301076,1909f56bfc062723c751e8b465ee728b)  -> (artifact id: '7e700e031724a5139a6ab37b7f3b9f51') in 0.024678 seconds
  Import took 0.039623 seconds .

========================================================================
Received Import Request.
  Time since last request: 0.000544 seconds.
  path: Assets/URP Asset.asset
  artifactKey: Guid(daf82d741eecb434bbce1494f620e07f) Importer(815301076,1909f56bfc062723c751e8b465ee728b)
Start importing Assets/URP Asset.asset using Guid(daf82d741eecb434bbce1494f620e07f) Importer(815301076,1909f56bfc062723c751e8b465ee728b)  -> (artifact id: '7257ec71f8387429d293b6ee8ad0209e') in 0.024743 seconds
  Import took 0.041395 seconds .

========================================================================
Received Import Request.
  Time since last request: 35.122245 seconds.
  path: Assets/Scenes/Tutorial.unity
  artifactKey: Guid(bc9914955ebacfd4cae160e70450d0c4) Importer(815301076,1909f56bfc062723c751e8b465ee728b)
Start importing Assets/Scenes/Tutorial.unity using Guid(bc9914955ebacfd4cae160e70450d0c4) Importer(815301076,1909f56bfc062723c751e8b465ee728b)  -> (artifact id: '3f5f7249de8d6736ead54aae60bafec6') in 0.019267 seconds
  Import took 0.034615 seconds .

========================================================================
Received Import Request.
  Time since last request: 0.012713 seconds.
  path: Assets/Scenes/Tutorial.unity
  artifactKey: Guid(bc9914955ebacfd4cae160e70450d0c4) Importer(815301076,1909f56bfc062723c751e8b465ee728b)
Start importing Assets/Scenes/Tutorial.unity using Guid(bc9914955ebacfd4cae160e70450d0c4) Importer(815301076,1909f56bfc062723c751e8b465ee728b)  -> (artifact id: '3f5f7249de8d6736ead54aae60bafec6') in 0.006530 seconds
  Import took 0.022138 seconds .

